time="2025-09-30 16:54:31" level=info msg="🔥 Starting kube-burner (main@f87962e38e259bf2b65c98b5c84b92e52378445c) with UUID demo-run-001" file="job.go:91"
time="2025-09-30 16:54:31" level=info msg="📈 Registered measurement: podLatency" file="factory.go:109"
time="2025-09-30 16:54:31" level=info msg="QPS: 5" file="job.go:371"
time="2025-09-30 16:54:31" level=info msg="Burst: 5" file="job.go:378"
time="2025-09-30 16:54:31" level=info msg="Job deploy-application: 1 iterations with 1 Deployment replicas" file="create.go:84"
time="2025-09-30 16:54:31" level=info msg="Job deploy-application: 1 iterations with 1 Service replicas" file="create.go:84"
time="2025-09-30 16:54:31" level=info msg="Job deploy-application: 1 iterations with 1 ConfigMap replicas" file="create.go:84"
time="2025-09-30 16:54:31" level=info msg="Job deploy-application: 1 iterations with 1 Deployment replicas" file="create.go:84"
time="2025-09-30 16:54:31" level=info msg="Job deploy-application: 1 iterations with 1 Service replicas" file="create.go:84"
time="2025-09-30 16:54:31" level=info msg="QPS: 2" file="job.go:371"
time="2025-09-30 16:54:31" level=info msg="Burst: 2" file="job.go:378"
time="2025-09-30 16:54:31" level=info msg="Job start-load-generator: 1 iterations with 1 Deployment replicas" file="create.go:84"
time="2025-09-30 16:54:31" level=info msg="Job start-load-generator: 1 iterations with 1 Service replicas" file="create.go:84"
time="2025-09-30 16:54:31" level=warning msg="Invalid QPS (0); using default: 5" file="job.go:368"
time="2025-09-30 16:54:31" level=warning msg="Invalid Burst (0); using default: 10" file="job.go:375"
time="2025-09-30 16:54:31" level=info msg="Pre-load: images from job deploy-application" file="pre_load.go:73"
time="2025-09-30 16:54:31" level=info msg="Pre-load: Creating DaemonSet using images [kind.local/demo-app-backend:latest kind.local/demo-app-frontend:latest] in namespace preload-kube-burner" file="pre_load.go:195"
time="2025-09-30 16:54:31" level=info msg="Pre-load: Sleeping for 5s" file="pre_load.go:86"
time="2025-09-30 16:54:36" level=info msg="Deleting 1 namespaces with label: kube-burner-preload=true" file="namespaces.go:67"
time="2025-09-30 16:54:42" level=info msg="Pre-load: images from job start-load-generator" file="pre_load.go:73"
time="2025-09-30 16:54:42" level=info msg="Pre-load: Creating DaemonSet using images [kind.local/demo-app-load:latest] in namespace preload-kube-burner" file="pre_load.go:195"
time="2025-09-30 16:54:42" level=info msg="Pre-load: Sleeping for 5s" file="pre_load.go:86"
time="2025-09-30 16:54:47" level=info msg="Deleting 1 namespaces with label: kube-burner-preload=true" file="namespaces.go:67"
time="2025-09-30 16:54:53" level=info msg="Creating /v1, Resource=pods latency watcher for deploy-application" file="base_measurement.go:69"
time="2025-09-30 16:54:53" level=info msg="Triggering job: deploy-application" file="job.go:122"
time="2025-09-30 16:54:53" level=info msg="0/1 iterations completed" file="create.go:119"
time="2025-09-30 16:54:53" level=info msg="Waiting up to 4h0m0s for actions to be completed" file="create.go:169"
time="2025-09-30 16:55:01" level=info msg="Actions in namespace app-demo-demo-run-001 completed" file="waiters.go:74"
time="2025-09-30 16:55:01" level=info msg="Verifying created objects" file="utils.go:119"
time="2025-09-30 16:55:02" level=info msg="Pausing for 1m30s before finishing job" file="job.go:182"
time="2025-09-30 16:56:32" level=info msg="Job deploy-application took 9s" file="job.go:191"
time="2025-09-30 16:56:32" level=info msg="Stopping measurement: podLatency" file="factory.go:150"
time="2025-09-30 16:56:32" level=info msg="deploy-application: PodScheduled 99th: 0 max: 0 avg: 0" file="base_measurement.go:111"
time="2025-09-30 16:56:32" level=info msg="deploy-application: ContainersReady 99th: 7000 max: 7000 avg: 5000" file="base_measurement.go:111"
time="2025-09-30 16:56:32" level=info msg="deploy-application: Initialized 99th: 0 max: 0 avg: 0" file="base_measurement.go:111"
time="2025-09-30 16:56:32" level=info msg="deploy-application: Ready 99th: 7000 max: 7000 avg: 5000" file="base_measurement.go:111"
time="2025-09-30 16:56:32" level=info msg="deploy-application: PodReadyToStartContainers 99th: 0 max: 0 avg: 0" file="base_measurement.go:111"
time="2025-09-30 16:56:32" level=info msg="Creating /v1, Resource=pods latency watcher for start-load-generator" file="base_measurement.go:69"
time="2025-09-30 16:56:32" level=info msg="Triggering job: start-load-generator" file="job.go:122"
time="2025-09-30 16:56:32" level=info msg="Namespace app-demo-demo-run-001 already exists" file="namespaces.go:44"
time="2025-09-30 16:56:32" level=info msg="0/1 iterations completed" file="create.go:119"
time="2025-09-30 16:56:32" level=info msg="Waiting up to 4h0m0s for actions to be completed" file="create.go:169"
time="2025-09-30 16:56:33" level=info msg="Actions in namespace app-demo-demo-run-001 completed" file="waiters.go:74"
time="2025-09-30 16:56:33" level=info msg="Verifying created objects" file="utils.go:119"
time="2025-09-30 16:56:34" level=info msg="Pausing for 3m0s before finishing job" file="job.go:182"
time="2025-09-30 16:59:34" level=info msg="Job start-load-generator took 2s" file="job.go:191"
time="2025-09-30 16:59:34" level=info msg="Stopping measurement: podLatency" file="factory.go:150"
time="2025-09-30 16:59:34" level=info msg="start-load-generator: PodReadyToStartContainers 99th: 0 max: 0 avg: 0" file="base_measurement.go:111"
time="2025-09-30 16:59:34" level=info msg="start-load-generator: PodScheduled 99th: 0 max: 0 avg: 0" file="base_measurement.go:111"
time="2025-09-30 16:59:34" level=info msg="start-load-generator: ContainersReady 99th: 1000 max: 1000 avg: 1000" file="base_measurement.go:111"
time="2025-09-30 16:59:34" level=info msg="start-load-generator: Initialized 99th: 0 max: 0 avg: 0" file="base_measurement.go:111"
time="2025-09-30 16:59:34" level=info msg="start-load-generator: Ready 99th: 1000 max: 1000 avg: 1000" file="base_measurement.go:111"
time="2025-09-30 16:59:34" level=info msg="Creating /v1, Resource=pods latency watcher for stop-load-generator" file="base_measurement.go:69"
time="2025-09-30 16:59:34" level=info msg="Triggering job: stop-load-generator" file="job.go:122"
time="2025-09-30 16:59:34" level=info msg="Found 3 deployments with selector kube-burner-uuid=demo-run-001; patching them" file="utils.go:207"
time="2025-09-30 16:59:34" level=info msg="Found 3 services with selector kube-burner-uuid=demo-run-001; patching them" file="utils.go:207"
time="2025-09-30 16:59:34" level=info msg="Job stop-load-generator took 0s" file="job.go:191"
time="2025-09-30 16:59:34" level=info msg="Stopping measurement: podLatency" file="factory.go:150"
time="2025-09-30 16:59:34" level=info msg="stop-load-generator: Initialized 99th: 0 max: 0 avg: 0" file="base_measurement.go:111"
time="2025-09-30 16:59:34" level=info msg="stop-load-generator: Ready 99th: 7000 max: 7000 avg: 4000" file="base_measurement.go:111"
time="2025-09-30 16:59:34" level=info msg="stop-load-generator: PodReadyToStartContainers 99th: 0 max: 0 avg: 0" file="base_measurement.go:111"
time="2025-09-30 16:59:34" level=info msg="stop-load-generator: PodScheduled 99th: 0 max: 0 avg: 0" file="base_measurement.go:111"
time="2025-09-30 16:59:34" level=info msg="stop-load-generator: ContainersReady 99th: 7000 max: 7000 avg: 4000" file="base_measurement.go:111"
time="2025-09-30 16:59:34" level=info msg="Finished execution with UUID: demo-run-001" file="job.go:264"
time="2025-09-30 16:59:34" level=info msg="👋 Exiting kube-burner demo-run-001" file="kube-burner.go:90"
